ARM GAS  C:\Users\linus\AppData\Local\Temp\cc1OzFWS.s 			page 1


   1              		.cpu cortex-m0
   2              		.eabi_attribute 20, 1
   3              		.eabi_attribute 21, 1
   4              		.eabi_attribute 23, 3
   5              		.eabi_attribute 24, 1
   6              		.eabi_attribute 25, 1
   7              		.eabi_attribute 26, 1
   8              		.eabi_attribute 30, 1
   9              		.eabi_attribute 34, 0
  10              		.eabi_attribute 18, 4
  11              		.file	"main.c"
  12              		.text
  13              	.Ltext0:
  14              		.cfi_sections	.debug_frame
  15              		.section	.text.MX_GPIO_Init,"ax",%progbits
  16              		.align	1
  17              		.arch armv6s-m
  18              		.syntax unified
  19              		.code	16
  20              		.thumb_func
  21              		.fpu softvfp
  23              	MX_GPIO_Init:
  24              	.LFB43:
  25              		.file 1 "Src/main.c"
   1:Src/main.c    **** /* USER CODE BEGIN Header */
   2:Src/main.c    **** /**
   3:Src/main.c    ****   ******************************************************************************
   4:Src/main.c    ****   * @file           : main.c
   5:Src/main.c    ****   * @brief          : Main program body
   6:Src/main.c    ****   ******************************************************************************
   7:Src/main.c    ****   * @attention
   8:Src/main.c    ****   *
   9:Src/main.c    ****   * <h2><center>&copy; Copyright (c) 2020 STMicroelectronics.
  10:Src/main.c    ****   * All rights reserved.</center></h2>
  11:Src/main.c    ****   *
  12:Src/main.c    ****   * This software component is licensed by ST under BSD 3-Clause license,
  13:Src/main.c    ****   * the "License"; You may not use this file except in compliance with the
  14:Src/main.c    ****   * License. You may obtain a copy of the License at:
  15:Src/main.c    ****   *                        opensource.org/licenses/BSD-3-Clause
  16:Src/main.c    ****   *
  17:Src/main.c    ****   ******************************************************************************
  18:Src/main.c    ****   */
  19:Src/main.c    **** /* USER CODE END Header */
  20:Src/main.c    **** 
  21:Src/main.c    **** /* Includes ------------------------------------------------------------------*/
  22:Src/main.c    **** #include "main.h"
  23:Src/main.c    **** 
  24:Src/main.c    **** /* Private includes ----------------------------------------------------------*/
  25:Src/main.c    **** /* USER CODE BEGIN Includes */
  26:Src/main.c    **** 
  27:Src/main.c    **** /* USER CODE END Includes */
  28:Src/main.c    **** 
  29:Src/main.c    **** /* Private typedef -----------------------------------------------------------*/
  30:Src/main.c    **** /* USER CODE BEGIN PTD */
  31:Src/main.c    **** 
  32:Src/main.c    **** /* USER CODE END PTD */
  33:Src/main.c    **** 
ARM GAS  C:\Users\linus\AppData\Local\Temp\cc1OzFWS.s 			page 2


  34:Src/main.c    **** /* Private define ------------------------------------------------------------*/
  35:Src/main.c    **** /* USER CODE BEGIN PD */
  36:Src/main.c    **** /* USER CODE END PD */
  37:Src/main.c    **** 
  38:Src/main.c    **** /* Private macro -------------------------------------------------------------*/
  39:Src/main.c    **** /* USER CODE BEGIN PM */
  40:Src/main.c    **** 
  41:Src/main.c    **** /* USER CODE END PM */
  42:Src/main.c    **** 
  43:Src/main.c    **** /* Private variables ---------------------------------------------------------*/
  44:Src/main.c    **** UART_HandleTypeDef huart2;
  45:Src/main.c    **** 
  46:Src/main.c    **** /* USER CODE BEGIN PV */
  47:Src/main.c    **** 
  48:Src/main.c    **** /* USER CODE END PV */
  49:Src/main.c    **** 
  50:Src/main.c    **** /* Private function prototypes -----------------------------------------------*/
  51:Src/main.c    **** void SystemClock_Config(void);
  52:Src/main.c    **** static void MX_GPIO_Init(void);
  53:Src/main.c    **** static void MX_USART2_UART_Init(void);
  54:Src/main.c    **** /* USER CODE BEGIN PFP */
  55:Src/main.c    **** 
  56:Src/main.c    **** /* USER CODE END PFP */
  57:Src/main.c    **** 
  58:Src/main.c    **** /* Private user code ---------------------------------------------------------*/
  59:Src/main.c    **** /* USER CODE BEGIN 0 */
  60:Src/main.c    **** 
  61:Src/main.c    **** /* USER CODE END 0 */
  62:Src/main.c    **** 
  63:Src/main.c    **** /**
  64:Src/main.c    ****   * @brief  The application entry point.
  65:Src/main.c    ****   * @retval int
  66:Src/main.c    ****   */
  67:Src/main.c    **** int main(void)
  68:Src/main.c    **** {
  69:Src/main.c    ****   /* USER CODE BEGIN 1 */
  70:Src/main.c    **** 
  71:Src/main.c    ****   /* USER CODE END 1 */
  72:Src/main.c    ****   
  73:Src/main.c    **** 
  74:Src/main.c    ****   /* MCU Configuration--------------------------------------------------------*/
  75:Src/main.c    **** 
  76:Src/main.c    ****   /* Reset of all peripherals, Initializes the Flash interface and the Systick. */
  77:Src/main.c    ****   HAL_Init();
  78:Src/main.c    **** 
  79:Src/main.c    ****   /* USER CODE BEGIN Init */
  80:Src/main.c    **** 
  81:Src/main.c    ****   /* USER CODE END Init */
  82:Src/main.c    **** 
  83:Src/main.c    ****   /* Configure the system clock */
  84:Src/main.c    ****   SystemClock_Config();
  85:Src/main.c    **** 
  86:Src/main.c    ****   /* USER CODE BEGIN SysInit */
  87:Src/main.c    **** 
  88:Src/main.c    ****   /* USER CODE END SysInit */
  89:Src/main.c    **** 
  90:Src/main.c    ****   /* Initialize all configured peripherals */
ARM GAS  C:\Users\linus\AppData\Local\Temp\cc1OzFWS.s 			page 3


  91:Src/main.c    ****   MX_GPIO_Init();
  92:Src/main.c    ****   MX_USART2_UART_Init();
  93:Src/main.c    ****   /* USER CODE BEGIN 2 */
  94:Src/main.c    **** 
  95:Src/main.c    ****   /* USER CODE END 2 */
  96:Src/main.c    **** 
  97:Src/main.c    ****   /* Infinite loop */
  98:Src/main.c    ****   /* USER CODE BEGIN WHILE */
  99:Src/main.c    ****   while (1)
 100:Src/main.c    ****   {
 101:Src/main.c    **** 	  HAL_GPIO_TogglePin(LD2_GPIO_Port, LD2_Pin);
 102:Src/main.c    **** 	  HAL_Delay(100);
 103:Src/main.c    ****     /* USER CODE END WHILE */
 104:Src/main.c    **** 
 105:Src/main.c    ****     /* USER CODE BEGIN 3 */
 106:Src/main.c    ****   }
 107:Src/main.c    ****   /* USER CODE END 3 */
 108:Src/main.c    **** }
 109:Src/main.c    **** 
 110:Src/main.c    **** /**
 111:Src/main.c    ****   * @brief System Clock Configuration
 112:Src/main.c    ****   * @retval None
 113:Src/main.c    ****   */
 114:Src/main.c    **** void SystemClock_Config(void)
 115:Src/main.c    **** {
 116:Src/main.c    ****   RCC_OscInitTypeDef RCC_OscInitStruct = {0};
 117:Src/main.c    ****   RCC_ClkInitTypeDef RCC_ClkInitStruct = {0};
 118:Src/main.c    ****   RCC_PeriphCLKInitTypeDef PeriphClkInit = {0};
 119:Src/main.c    **** 
 120:Src/main.c    ****   /** Initializes the CPU, AHB and APB busses clocks 
 121:Src/main.c    ****   */
 122:Src/main.c    ****   RCC_OscInitStruct.OscillatorType = RCC_OSCILLATORTYPE_HSE;
 123:Src/main.c    ****   RCC_OscInitStruct.HSEState = RCC_HSE_BYPASS;
 124:Src/main.c    ****   RCC_OscInitStruct.PLL.PLLState = RCC_PLL_ON;
 125:Src/main.c    ****   RCC_OscInitStruct.PLL.PLLSource = RCC_PLLSOURCE_HSE;
 126:Src/main.c    ****   RCC_OscInitStruct.PLL.PLLMUL = RCC_PLL_MUL12;
 127:Src/main.c    ****   RCC_OscInitStruct.PLL.PREDIV = RCC_PREDIV_DIV2;
 128:Src/main.c    ****   if (HAL_RCC_OscConfig(&RCC_OscInitStruct) != HAL_OK)
 129:Src/main.c    ****   {
 130:Src/main.c    ****     Error_Handler();
 131:Src/main.c    ****   }
 132:Src/main.c    ****   /** Initializes the CPU, AHB and APB busses clocks 
 133:Src/main.c    ****   */
 134:Src/main.c    ****   RCC_ClkInitStruct.ClockType = RCC_CLOCKTYPE_HCLK|RCC_CLOCKTYPE_SYSCLK
 135:Src/main.c    ****                               |RCC_CLOCKTYPE_PCLK1;
 136:Src/main.c    ****   RCC_ClkInitStruct.SYSCLKSource = RCC_SYSCLKSOURCE_PLLCLK;
 137:Src/main.c    ****   RCC_ClkInitStruct.AHBCLKDivider = RCC_SYSCLK_DIV1;
 138:Src/main.c    ****   RCC_ClkInitStruct.APB1CLKDivider = RCC_HCLK_DIV1;
 139:Src/main.c    **** 
 140:Src/main.c    ****   if (HAL_RCC_ClockConfig(&RCC_ClkInitStruct, FLASH_LATENCY_1) != HAL_OK)
 141:Src/main.c    ****   {
 142:Src/main.c    ****     Error_Handler();
 143:Src/main.c    ****   }
 144:Src/main.c    ****   PeriphClkInit.PeriphClockSelection = RCC_PERIPHCLK_USART2;
 145:Src/main.c    ****   PeriphClkInit.Usart2ClockSelection = RCC_USART2CLKSOURCE_PCLK1;
 146:Src/main.c    ****   if (HAL_RCCEx_PeriphCLKConfig(&PeriphClkInit) != HAL_OK)
 147:Src/main.c    ****   {
ARM GAS  C:\Users\linus\AppData\Local\Temp\cc1OzFWS.s 			page 4


 148:Src/main.c    ****     Error_Handler();
 149:Src/main.c    ****   }
 150:Src/main.c    **** }
 151:Src/main.c    **** 
 152:Src/main.c    **** /**
 153:Src/main.c    ****   * @brief USART2 Initialization Function
 154:Src/main.c    ****   * @param None
 155:Src/main.c    ****   * @retval None
 156:Src/main.c    ****   */
 157:Src/main.c    **** static void MX_USART2_UART_Init(void)
 158:Src/main.c    **** {
 159:Src/main.c    **** 
 160:Src/main.c    ****   /* USER CODE BEGIN USART2_Init 0 */
 161:Src/main.c    **** 
 162:Src/main.c    ****   /* USER CODE END USART2_Init 0 */
 163:Src/main.c    **** 
 164:Src/main.c    ****   /* USER CODE BEGIN USART2_Init 1 */
 165:Src/main.c    **** 
 166:Src/main.c    ****   /* USER CODE END USART2_Init 1 */
 167:Src/main.c    ****   huart2.Instance = USART2;
 168:Src/main.c    ****   huart2.Init.BaudRate = 115200;
 169:Src/main.c    ****   huart2.Init.WordLength = UART_WORDLENGTH_8B;
 170:Src/main.c    ****   huart2.Init.StopBits = UART_STOPBITS_1;
 171:Src/main.c    ****   huart2.Init.Parity = UART_PARITY_NONE;
 172:Src/main.c    ****   huart2.Init.Mode = UART_MODE_TX_RX;
 173:Src/main.c    ****   huart2.Init.HwFlowCtl = UART_HWCONTROL_NONE;
 174:Src/main.c    ****   huart2.Init.OverSampling = UART_OVERSAMPLING_16;
 175:Src/main.c    ****   huart2.Init.OneBitSampling = UART_ONE_BIT_SAMPLE_DISABLE;
 176:Src/main.c    ****   huart2.AdvancedInit.AdvFeatureInit = UART_ADVFEATURE_NO_INIT;
 177:Src/main.c    ****   if (HAL_UART_Init(&huart2) != HAL_OK)
 178:Src/main.c    ****   {
 179:Src/main.c    ****     Error_Handler();
 180:Src/main.c    ****   }
 181:Src/main.c    ****   /* USER CODE BEGIN USART2_Init 2 */
 182:Src/main.c    **** 
 183:Src/main.c    ****   /* USER CODE END USART2_Init 2 */
 184:Src/main.c    **** 
 185:Src/main.c    **** }
 186:Src/main.c    **** 
 187:Src/main.c    **** /**
 188:Src/main.c    ****   * @brief GPIO Initialization Function
 189:Src/main.c    ****   * @param None
 190:Src/main.c    ****   * @retval None
 191:Src/main.c    ****   */
 192:Src/main.c    **** static void MX_GPIO_Init(void)
 193:Src/main.c    **** {
  26              		.loc 1 193 1 view -0
  27              		.cfi_startproc
  28              		@ args = 0, pretend = 0, frame = 32
  29              		@ frame_needed = 0, uses_anonymous_args = 0
  30 0000 30B5     		push	{r4, r5, lr}
  31              	.LCFI0:
  32              		.cfi_def_cfa_offset 12
  33              		.cfi_offset 4, -12
  34              		.cfi_offset 5, -8
  35              		.cfi_offset 14, -4
  36 0002 89B0     		sub	sp, sp, #36
ARM GAS  C:\Users\linus\AppData\Local\Temp\cc1OzFWS.s 			page 5


  37              	.LCFI1:
  38              		.cfi_def_cfa_offset 48
 194:Src/main.c    ****   GPIO_InitTypeDef GPIO_InitStruct = {0};
  39              		.loc 1 194 3 view .LVU1
  40              		.loc 1 194 20 is_stmt 0 view .LVU2
  41 0004 1422     		movs	r2, #20
  42 0006 0021     		movs	r1, #0
  43 0008 03A8     		add	r0, sp, #12
  44 000a FFF7FEFF 		bl	memset
  45              	.LVL0:
 195:Src/main.c    **** 
 196:Src/main.c    ****   /* GPIO Ports Clock Enable */
 197:Src/main.c    ****   __HAL_RCC_GPIOC_CLK_ENABLE();
  46              		.loc 1 197 3 is_stmt 1 view .LVU3
  47              	.LBB2:
  48              		.loc 1 197 3 view .LVU4
  49              		.loc 1 197 3 view .LVU5
  50 000e 1D4B     		ldr	r3, .L2
  51 0010 5969     		ldr	r1, [r3, #20]
  52 0012 8020     		movs	r0, #128
  53 0014 0003     		lsls	r0, r0, #12
  54 0016 0143     		orrs	r1, r0
  55 0018 5961     		str	r1, [r3, #20]
  56              		.loc 1 197 3 view .LVU6
  57 001a 5A69     		ldr	r2, [r3, #20]
  58 001c 0240     		ands	r2, r0
  59 001e 0092     		str	r2, [sp]
  60              		.loc 1 197 3 view .LVU7
  61 0020 009A     		ldr	r2, [sp]
  62              	.LBE2:
  63              		.loc 1 197 3 view .LVU8
 198:Src/main.c    ****   __HAL_RCC_GPIOF_CLK_ENABLE();
  64              		.loc 1 198 3 view .LVU9
  65              	.LBB3:
  66              		.loc 1 198 3 view .LVU10
  67              		.loc 1 198 3 view .LVU11
  68 0022 5969     		ldr	r1, [r3, #20]
  69 0024 8020     		movs	r0, #128
  70 0026 C003     		lsls	r0, r0, #15
  71 0028 0143     		orrs	r1, r0
  72 002a 5961     		str	r1, [r3, #20]
  73              		.loc 1 198 3 view .LVU12
  74 002c 5A69     		ldr	r2, [r3, #20]
  75 002e 0240     		ands	r2, r0
  76 0030 0192     		str	r2, [sp, #4]
  77              		.loc 1 198 3 view .LVU13
  78 0032 019A     		ldr	r2, [sp, #4]
  79              	.LBE3:
  80              		.loc 1 198 3 view .LVU14
 199:Src/main.c    ****   __HAL_RCC_GPIOA_CLK_ENABLE();
  81              		.loc 1 199 3 view .LVU15
  82              	.LBB4:
  83              		.loc 1 199 3 view .LVU16
  84              		.loc 1 199 3 view .LVU17
  85 0034 5A69     		ldr	r2, [r3, #20]
  86 0036 8021     		movs	r1, #128
  87 0038 8902     		lsls	r1, r1, #10
ARM GAS  C:\Users\linus\AppData\Local\Temp\cc1OzFWS.s 			page 6


  88 003a 0A43     		orrs	r2, r1
  89 003c 5A61     		str	r2, [r3, #20]
  90              		.loc 1 199 3 view .LVU18
  91 003e 5B69     		ldr	r3, [r3, #20]
  92 0040 0B40     		ands	r3, r1
  93 0042 0293     		str	r3, [sp, #8]
  94              		.loc 1 199 3 view .LVU19
  95 0044 029B     		ldr	r3, [sp, #8]
  96              	.LBE4:
  97              		.loc 1 199 3 view .LVU20
 200:Src/main.c    **** 
 201:Src/main.c    ****   /*Configure GPIO pin Output Level */
 202:Src/main.c    ****   HAL_GPIO_WritePin(LD2_GPIO_Port, LD2_Pin, GPIO_PIN_RESET);
  98              		.loc 1 202 3 view .LVU21
  99 0046 9025     		movs	r5, #144
 100 0048 ED05     		lsls	r5, r5, #23
 101 004a 0022     		movs	r2, #0
 102 004c 2021     		movs	r1, #32
 103 004e 2800     		movs	r0, r5
 104 0050 FFF7FEFF 		bl	HAL_GPIO_WritePin
 105              	.LVL1:
 203:Src/main.c    **** 
 204:Src/main.c    ****   /*Configure GPIO pin : B1_Pin */
 205:Src/main.c    ****   GPIO_InitStruct.Pin = B1_Pin;
 106              		.loc 1 205 3 view .LVU22
 107              		.loc 1 205 23 is_stmt 0 view .LVU23
 108 0054 8023     		movs	r3, #128
 109 0056 9B01     		lsls	r3, r3, #6
 110 0058 0393     		str	r3, [sp, #12]
 206:Src/main.c    ****   GPIO_InitStruct.Mode = GPIO_MODE_IT_FALLING;
 111              		.loc 1 206 3 is_stmt 1 view .LVU24
 112              		.loc 1 206 24 is_stmt 0 view .LVU25
 113 005a 0B4B     		ldr	r3, .L2+4
 114 005c 0493     		str	r3, [sp, #16]
 207:Src/main.c    ****   GPIO_InitStruct.Pull = GPIO_NOPULL;
 115              		.loc 1 207 3 is_stmt 1 view .LVU26
 116              		.loc 1 207 24 is_stmt 0 view .LVU27
 117 005e 0024     		movs	r4, #0
 118 0060 0594     		str	r4, [sp, #20]
 208:Src/main.c    ****   HAL_GPIO_Init(B1_GPIO_Port, &GPIO_InitStruct);
 119              		.loc 1 208 3 is_stmt 1 view .LVU28
 120 0062 03A9     		add	r1, sp, #12
 121 0064 0948     		ldr	r0, .L2+8
 122 0066 FFF7FEFF 		bl	HAL_GPIO_Init
 123              	.LVL2:
 209:Src/main.c    **** 
 210:Src/main.c    ****   /*Configure GPIO pin : LD2_Pin */
 211:Src/main.c    ****   GPIO_InitStruct.Pin = LD2_Pin;
 124              		.loc 1 211 3 view .LVU29
 125              		.loc 1 211 23 is_stmt 0 view .LVU30
 126 006a 2023     		movs	r3, #32
 127 006c 0393     		str	r3, [sp, #12]
 212:Src/main.c    ****   GPIO_InitStruct.Mode = GPIO_MODE_OUTPUT_PP;
 128              		.loc 1 212 3 is_stmt 1 view .LVU31
 129              		.loc 1 212 24 is_stmt 0 view .LVU32
 130 006e 1F3B     		subs	r3, r3, #31
 131 0070 0493     		str	r3, [sp, #16]
ARM GAS  C:\Users\linus\AppData\Local\Temp\cc1OzFWS.s 			page 7


 213:Src/main.c    ****   GPIO_InitStruct.Pull = GPIO_NOPULL;
 132              		.loc 1 213 3 is_stmt 1 view .LVU33
 133              		.loc 1 213 24 is_stmt 0 view .LVU34
 134 0072 0594     		str	r4, [sp, #20]
 214:Src/main.c    ****   GPIO_InitStruct.Speed = GPIO_SPEED_FREQ_LOW;
 135              		.loc 1 214 3 is_stmt 1 view .LVU35
 136              		.loc 1 214 25 is_stmt 0 view .LVU36
 137 0074 0694     		str	r4, [sp, #24]
 215:Src/main.c    ****   HAL_GPIO_Init(LD2_GPIO_Port, &GPIO_InitStruct);
 138              		.loc 1 215 3 is_stmt 1 view .LVU37
 139 0076 03A9     		add	r1, sp, #12
 140 0078 2800     		movs	r0, r5
 141 007a FFF7FEFF 		bl	HAL_GPIO_Init
 142              	.LVL3:
 216:Src/main.c    **** 
 217:Src/main.c    **** }
 143              		.loc 1 217 1 is_stmt 0 view .LVU38
 144 007e 09B0     		add	sp, sp, #36
 145              		@ sp needed
 146 0080 30BD     		pop	{r4, r5, pc}
 147              	.L3:
 148 0082 C046     		.align	2
 149              	.L2:
 150 0084 00100240 		.word	1073876992
 151 0088 00002110 		.word	270598144
 152 008c 00080048 		.word	1207961600
 153              		.cfi_endproc
 154              	.LFE43:
 156              		.section	.text.MX_USART2_UART_Init,"ax",%progbits
 157              		.align	1
 158              		.syntax unified
 159              		.code	16
 160              		.thumb_func
 161              		.fpu softvfp
 163              	MX_USART2_UART_Init:
 164              	.LFB42:
 158:Src/main.c    **** 
 165              		.loc 1 158 1 is_stmt 1 view -0
 166              		.cfi_startproc
 167              		@ args = 0, pretend = 0, frame = 0
 168              		@ frame_needed = 0, uses_anonymous_args = 0
 169 0000 10B5     		push	{r4, lr}
 170              	.LCFI2:
 171              		.cfi_def_cfa_offset 8
 172              		.cfi_offset 4, -8
 173              		.cfi_offset 14, -4
 167:Src/main.c    ****   huart2.Init.BaudRate = 115200;
 174              		.loc 1 167 3 view .LVU40
 167:Src/main.c    ****   huart2.Init.BaudRate = 115200;
 175              		.loc 1 167 19 is_stmt 0 view .LVU41
 176 0002 0948     		ldr	r0, .L5
 177 0004 094B     		ldr	r3, .L5+4
 178 0006 0360     		str	r3, [r0]
 168:Src/main.c    ****   huart2.Init.WordLength = UART_WORDLENGTH_8B;
 179              		.loc 1 168 3 is_stmt 1 view .LVU42
 168:Src/main.c    ****   huart2.Init.WordLength = UART_WORDLENGTH_8B;
 180              		.loc 1 168 24 is_stmt 0 view .LVU43
ARM GAS  C:\Users\linus\AppData\Local\Temp\cc1OzFWS.s 			page 8


 181 0008 E123     		movs	r3, #225
 182 000a 5B02     		lsls	r3, r3, #9
 183 000c 4360     		str	r3, [r0, #4]
 169:Src/main.c    ****   huart2.Init.StopBits = UART_STOPBITS_1;
 184              		.loc 1 169 3 is_stmt 1 view .LVU44
 169:Src/main.c    ****   huart2.Init.StopBits = UART_STOPBITS_1;
 185              		.loc 1 169 26 is_stmt 0 view .LVU45
 186 000e 0023     		movs	r3, #0
 187 0010 8360     		str	r3, [r0, #8]
 170:Src/main.c    ****   huart2.Init.Parity = UART_PARITY_NONE;
 188              		.loc 1 170 3 is_stmt 1 view .LVU46
 170:Src/main.c    ****   huart2.Init.Parity = UART_PARITY_NONE;
 189              		.loc 1 170 24 is_stmt 0 view .LVU47
 190 0012 C360     		str	r3, [r0, #12]
 171:Src/main.c    ****   huart2.Init.Mode = UART_MODE_TX_RX;
 191              		.loc 1 171 3 is_stmt 1 view .LVU48
 171:Src/main.c    ****   huart2.Init.Mode = UART_MODE_TX_RX;
 192              		.loc 1 171 22 is_stmt 0 view .LVU49
 193 0014 0361     		str	r3, [r0, #16]
 172:Src/main.c    ****   huart2.Init.HwFlowCtl = UART_HWCONTROL_NONE;
 194              		.loc 1 172 3 is_stmt 1 view .LVU50
 172:Src/main.c    ****   huart2.Init.HwFlowCtl = UART_HWCONTROL_NONE;
 195              		.loc 1 172 20 is_stmt 0 view .LVU51
 196 0016 0C22     		movs	r2, #12
 197 0018 4261     		str	r2, [r0, #20]
 173:Src/main.c    ****   huart2.Init.OverSampling = UART_OVERSAMPLING_16;
 198              		.loc 1 173 3 is_stmt 1 view .LVU52
 173:Src/main.c    ****   huart2.Init.OverSampling = UART_OVERSAMPLING_16;
 199              		.loc 1 173 25 is_stmt 0 view .LVU53
 200 001a 8361     		str	r3, [r0, #24]
 174:Src/main.c    ****   huart2.Init.OneBitSampling = UART_ONE_BIT_SAMPLE_DISABLE;
 201              		.loc 1 174 3 is_stmt 1 view .LVU54
 174:Src/main.c    ****   huart2.Init.OneBitSampling = UART_ONE_BIT_SAMPLE_DISABLE;
 202              		.loc 1 174 28 is_stmt 0 view .LVU55
 203 001c C361     		str	r3, [r0, #28]
 175:Src/main.c    ****   huart2.AdvancedInit.AdvFeatureInit = UART_ADVFEATURE_NO_INIT;
 204              		.loc 1 175 3 is_stmt 1 view .LVU56
 175:Src/main.c    ****   huart2.AdvancedInit.AdvFeatureInit = UART_ADVFEATURE_NO_INIT;
 205              		.loc 1 175 30 is_stmt 0 view .LVU57
 206 001e 0362     		str	r3, [r0, #32]
 176:Src/main.c    ****   if (HAL_UART_Init(&huart2) != HAL_OK)
 207              		.loc 1 176 3 is_stmt 1 view .LVU58
 176:Src/main.c    ****   if (HAL_UART_Init(&huart2) != HAL_OK)
 208              		.loc 1 176 38 is_stmt 0 view .LVU59
 209 0020 4362     		str	r3, [r0, #36]
 177:Src/main.c    ****   {
 210              		.loc 1 177 3 is_stmt 1 view .LVU60
 177:Src/main.c    ****   {
 211              		.loc 1 177 7 is_stmt 0 view .LVU61
 212 0022 FFF7FEFF 		bl	HAL_UART_Init
 213              	.LVL4:
 185:Src/main.c    **** 
 214              		.loc 1 185 1 view .LVU62
 215              		@ sp needed
 216 0026 10BD     		pop	{r4, pc}
 217              	.L6:
 218              		.align	2
ARM GAS  C:\Users\linus\AppData\Local\Temp\cc1OzFWS.s 			page 9


 219              	.L5:
 220 0028 00000000 		.word	huart2
 221 002c 00440040 		.word	1073759232
 222              		.cfi_endproc
 223              	.LFE42:
 225              		.section	.text.SystemClock_Config,"ax",%progbits
 226              		.align	1
 227              		.global	SystemClock_Config
 228              		.syntax unified
 229              		.code	16
 230              		.thumb_func
 231              		.fpu softvfp
 233              	SystemClock_Config:
 234              	.LFB41:
 115:Src/main.c    ****   RCC_OscInitTypeDef RCC_OscInitStruct = {0};
 235              		.loc 1 115 1 is_stmt 1 view -0
 236              		.cfi_startproc
 237              		@ args = 0, pretend = 0, frame = 96
 238              		@ frame_needed = 0, uses_anonymous_args = 0
 239 0000 30B5     		push	{r4, r5, lr}
 240              	.LCFI3:
 241              		.cfi_def_cfa_offset 12
 242              		.cfi_offset 4, -12
 243              		.cfi_offset 5, -8
 244              		.cfi_offset 14, -4
 245 0002 99B0     		sub	sp, sp, #100
 246              	.LCFI4:
 247              		.cfi_def_cfa_offset 112
 116:Src/main.c    ****   RCC_ClkInitTypeDef RCC_ClkInitStruct = {0};
 248              		.loc 1 116 3 view .LVU64
 116:Src/main.c    ****   RCC_ClkInitTypeDef RCC_ClkInitStruct = {0};
 249              		.loc 1 116 22 is_stmt 0 view .LVU65
 250 0004 1C22     		movs	r2, #28
 251 0006 0021     		movs	r1, #0
 252 0008 0DA8     		add	r0, sp, #52
 253 000a FFF7FEFF 		bl	memset
 254              	.LVL5:
 117:Src/main.c    ****   RCC_PeriphCLKInitTypeDef PeriphClkInit = {0};
 255              		.loc 1 117 3 is_stmt 1 view .LVU66
 117:Src/main.c    ****   RCC_PeriphCLKInitTypeDef PeriphClkInit = {0};
 256              		.loc 1 117 22 is_stmt 0 view .LVU67
 257 000e 1022     		movs	r2, #16
 258 0010 0021     		movs	r1, #0
 259 0012 07A8     		add	r0, sp, #28
 260 0014 FFF7FEFF 		bl	memset
 261              	.LVL6:
 118:Src/main.c    **** 
 262              		.loc 1 118 3 is_stmt 1 view .LVU68
 118:Src/main.c    **** 
 263              		.loc 1 118 28 is_stmt 0 view .LVU69
 264 0018 1C22     		movs	r2, #28
 265 001a 0021     		movs	r1, #0
 266 001c 6846     		mov	r0, sp
 267 001e FFF7FEFF 		bl	memset
 268              	.LVL7:
 122:Src/main.c    ****   RCC_OscInitStruct.HSEState = RCC_HSE_BYPASS;
 269              		.loc 1 122 3 is_stmt 1 view .LVU70
ARM GAS  C:\Users\linus\AppData\Local\Temp\cc1OzFWS.s 			page 10


 122:Src/main.c    ****   RCC_OscInitStruct.HSEState = RCC_HSE_BYPASS;
 270              		.loc 1 122 36 is_stmt 0 view .LVU71
 271 0022 0123     		movs	r3, #1
 272 0024 0B93     		str	r3, [sp, #44]
 123:Src/main.c    ****   RCC_OscInitStruct.PLL.PLLState = RCC_PLL_ON;
 273              		.loc 1 123 3 is_stmt 1 view .LVU72
 123:Src/main.c    ****   RCC_OscInitStruct.PLL.PLLState = RCC_PLL_ON;
 274              		.loc 1 123 30 is_stmt 0 view .LVU73
 275 0026 0522     		movs	r2, #5
 276 0028 0C92     		str	r2, [sp, #48]
 124:Src/main.c    ****   RCC_OscInitStruct.PLL.PLLSource = RCC_PLLSOURCE_HSE;
 277              		.loc 1 124 3 is_stmt 1 view .LVU74
 124:Src/main.c    ****   RCC_OscInitStruct.PLL.PLLSource = RCC_PLLSOURCE_HSE;
 278              		.loc 1 124 34 is_stmt 0 view .LVU75
 279 002a 0225     		movs	r5, #2
 280 002c 1495     		str	r5, [sp, #80]
 125:Src/main.c    ****   RCC_OscInitStruct.PLL.PLLMUL = RCC_PLL_MUL12;
 281              		.loc 1 125 3 is_stmt 1 view .LVU76
 125:Src/main.c    ****   RCC_OscInitStruct.PLL.PLLMUL = RCC_PLL_MUL12;
 282              		.loc 1 125 35 is_stmt 0 view .LVU77
 283 002e 8022     		movs	r2, #128
 284 0030 5202     		lsls	r2, r2, #9
 285 0032 1592     		str	r2, [sp, #84]
 126:Src/main.c    ****   RCC_OscInitStruct.PLL.PREDIV = RCC_PREDIV_DIV2;
 286              		.loc 1 126 3 is_stmt 1 view .LVU78
 126:Src/main.c    ****   RCC_OscInitStruct.PLL.PREDIV = RCC_PREDIV_DIV2;
 287              		.loc 1 126 32 is_stmt 0 view .LVU79
 288 0034 A022     		movs	r2, #160
 289 0036 9203     		lsls	r2, r2, #14
 290 0038 1692     		str	r2, [sp, #88]
 127:Src/main.c    ****   if (HAL_RCC_OscConfig(&RCC_OscInitStruct) != HAL_OK)
 291              		.loc 1 127 3 is_stmt 1 view .LVU80
 127:Src/main.c    ****   if (HAL_RCC_OscConfig(&RCC_OscInitStruct) != HAL_OK)
 292              		.loc 1 127 32 is_stmt 0 view .LVU81
 293 003a 1793     		str	r3, [sp, #92]
 128:Src/main.c    ****   {
 294              		.loc 1 128 3 is_stmt 1 view .LVU82
 128:Src/main.c    ****   {
 295              		.loc 1 128 7 is_stmt 0 view .LVU83
 296 003c 0BA8     		add	r0, sp, #44
 297 003e FFF7FEFF 		bl	HAL_RCC_OscConfig
 298              	.LVL8:
 134:Src/main.c    ****                               |RCC_CLOCKTYPE_PCLK1;
 299              		.loc 1 134 3 is_stmt 1 view .LVU84
 134:Src/main.c    ****                               |RCC_CLOCKTYPE_PCLK1;
 300              		.loc 1 134 31 is_stmt 0 view .LVU85
 301 0042 0723     		movs	r3, #7
 302 0044 0793     		str	r3, [sp, #28]
 136:Src/main.c    ****   RCC_ClkInitStruct.AHBCLKDivider = RCC_SYSCLK_DIV1;
 303              		.loc 1 136 3 is_stmt 1 view .LVU86
 136:Src/main.c    ****   RCC_ClkInitStruct.AHBCLKDivider = RCC_SYSCLK_DIV1;
 304              		.loc 1 136 34 is_stmt 0 view .LVU87
 305 0046 0895     		str	r5, [sp, #32]
 137:Src/main.c    ****   RCC_ClkInitStruct.APB1CLKDivider = RCC_HCLK_DIV1;
 306              		.loc 1 137 3 is_stmt 1 view .LVU88
 137:Src/main.c    ****   RCC_ClkInitStruct.APB1CLKDivider = RCC_HCLK_DIV1;
 307              		.loc 1 137 35 is_stmt 0 view .LVU89
ARM GAS  C:\Users\linus\AppData\Local\Temp\cc1OzFWS.s 			page 11


 308 0048 0024     		movs	r4, #0
 309 004a 0994     		str	r4, [sp, #36]
 138:Src/main.c    **** 
 310              		.loc 1 138 3 is_stmt 1 view .LVU90
 138:Src/main.c    **** 
 311              		.loc 1 138 36 is_stmt 0 view .LVU91
 312 004c 0A94     		str	r4, [sp, #40]
 140:Src/main.c    ****   {
 313              		.loc 1 140 3 is_stmt 1 view .LVU92
 140:Src/main.c    ****   {
 314              		.loc 1 140 7 is_stmt 0 view .LVU93
 315 004e 0121     		movs	r1, #1
 316 0050 07A8     		add	r0, sp, #28
 317 0052 FFF7FEFF 		bl	HAL_RCC_ClockConfig
 318              	.LVL9:
 144:Src/main.c    ****   PeriphClkInit.Usart2ClockSelection = RCC_USART2CLKSOURCE_PCLK1;
 319              		.loc 1 144 3 is_stmt 1 view .LVU94
 144:Src/main.c    ****   PeriphClkInit.Usart2ClockSelection = RCC_USART2CLKSOURCE_PCLK1;
 320              		.loc 1 144 38 is_stmt 0 view .LVU95
 321 0056 0095     		str	r5, [sp]
 145:Src/main.c    ****   if (HAL_RCCEx_PeriphCLKConfig(&PeriphClkInit) != HAL_OK)
 322              		.loc 1 145 3 is_stmt 1 view .LVU96
 145:Src/main.c    ****   if (HAL_RCCEx_PeriphCLKConfig(&PeriphClkInit) != HAL_OK)
 323              		.loc 1 145 38 is_stmt 0 view .LVU97
 324 0058 0394     		str	r4, [sp, #12]
 146:Src/main.c    ****   {
 325              		.loc 1 146 3 is_stmt 1 view .LVU98
 146:Src/main.c    ****   {
 326              		.loc 1 146 7 is_stmt 0 view .LVU99
 327 005a 6846     		mov	r0, sp
 328 005c FFF7FEFF 		bl	HAL_RCCEx_PeriphCLKConfig
 329              	.LVL10:
 150:Src/main.c    **** 
 330              		.loc 1 150 1 view .LVU100
 331 0060 19B0     		add	sp, sp, #100
 332              		@ sp needed
 333 0062 30BD     		pop	{r4, r5, pc}
 334              		.cfi_endproc
 335              	.LFE41:
 337              		.section	.text.main,"ax",%progbits
 338              		.align	1
 339              		.global	main
 340              		.syntax unified
 341              		.code	16
 342              		.thumb_func
 343              		.fpu softvfp
 345              	main:
 346              	.LFB40:
  68:Src/main.c    ****   /* USER CODE BEGIN 1 */
 347              		.loc 1 68 1 is_stmt 1 view -0
 348              		.cfi_startproc
 349              		@ Volatile: function does not return.
 350              		@ args = 0, pretend = 0, frame = 0
 351              		@ frame_needed = 0, uses_anonymous_args = 0
 352 0000 10B5     		push	{r4, lr}
 353              	.LCFI5:
 354              		.cfi_def_cfa_offset 8
ARM GAS  C:\Users\linus\AppData\Local\Temp\cc1OzFWS.s 			page 12


 355              		.cfi_offset 4, -8
 356              		.cfi_offset 14, -4
  77:Src/main.c    **** 
 357              		.loc 1 77 3 view .LVU102
 358 0002 FFF7FEFF 		bl	HAL_Init
 359              	.LVL11:
  84:Src/main.c    **** 
 360              		.loc 1 84 3 view .LVU103
 361 0006 FFF7FEFF 		bl	SystemClock_Config
 362              	.LVL12:
  91:Src/main.c    ****   MX_USART2_UART_Init();
 363              		.loc 1 91 3 view .LVU104
 364 000a FFF7FEFF 		bl	MX_GPIO_Init
 365              	.LVL13:
  92:Src/main.c    ****   /* USER CODE BEGIN 2 */
 366              		.loc 1 92 3 view .LVU105
 367 000e FFF7FEFF 		bl	MX_USART2_UART_Init
 368              	.LVL14:
 369              	.L9:
  99:Src/main.c    ****   {
 370              		.loc 1 99 3 discriminator 1 view .LVU106
 101:Src/main.c    **** 	  HAL_Delay(100);
 371              		.loc 1 101 4 discriminator 1 view .LVU107
 372 0012 9020     		movs	r0, #144
 373 0014 2021     		movs	r1, #32
 374 0016 C005     		lsls	r0, r0, #23
 375 0018 FFF7FEFF 		bl	HAL_GPIO_TogglePin
 376              	.LVL15:
 102:Src/main.c    ****     /* USER CODE END WHILE */
 377              		.loc 1 102 4 discriminator 1 view .LVU108
 378 001c 6420     		movs	r0, #100
 379 001e FFF7FEFF 		bl	HAL_Delay
 380              	.LVL16:
  99:Src/main.c    ****   {
 381              		.loc 1 99 9 discriminator 1 view .LVU109
 382 0022 F6E7     		b	.L9
 383              		.cfi_endproc
 384              	.LFE40:
 386              		.section	.text.Error_Handler,"ax",%progbits
 387              		.align	1
 388              		.global	Error_Handler
 389              		.syntax unified
 390              		.code	16
 391              		.thumb_func
 392              		.fpu softvfp
 394              	Error_Handler:
 395              	.LFB44:
 218:Src/main.c    **** 
 219:Src/main.c    **** /* USER CODE BEGIN 4 */
 220:Src/main.c    **** 
 221:Src/main.c    **** /* USER CODE END 4 */
 222:Src/main.c    **** 
 223:Src/main.c    **** /**
 224:Src/main.c    ****   * @brief  This function is executed in case of error occurrence.
 225:Src/main.c    ****   * @retval None
 226:Src/main.c    ****   */
 227:Src/main.c    **** void Error_Handler(void)
ARM GAS  C:\Users\linus\AppData\Local\Temp\cc1OzFWS.s 			page 13


 228:Src/main.c    **** {
 396              		.loc 1 228 1 view -0
 397              		.cfi_startproc
 398              		@ args = 0, pretend = 0, frame = 0
 399              		@ frame_needed = 0, uses_anonymous_args = 0
 400              		@ link register save eliminated.
 229:Src/main.c    ****   /* USER CODE BEGIN Error_Handler_Debug */
 230:Src/main.c    ****   /* User can add his own implementation to report the HAL error return state */
 231:Src/main.c    **** 
 232:Src/main.c    ****   /* USER CODE END Error_Handler_Debug */
 233:Src/main.c    **** }
 401              		.loc 1 233 1 view .LVU111
 402              		@ sp needed
 403 0000 7047     		bx	lr
 404              		.cfi_endproc
 405              	.LFE44:
 407              		.comm	huart2,128,4
 408              		.text
 409              	.Letext0:
 410              		.file 2 "c:\\dev\\tools\\gcc-arm-none-eabi-9-2019-q4-major-win32\\arm-none-eabi\\include\\machine\
 411              		.file 3 "c:\\dev\\tools\\gcc-arm-none-eabi-9-2019-q4-major-win32\\arm-none-eabi\\include\\sys\\_st
 412              		.file 4 "Drivers/CMSIS/Device/ST/STM32F0xx/Include/system_stm32f0xx.h"
 413              		.file 5 "Drivers/CMSIS/Device/ST/STM32F0xx/Include/stm32f091xc.h"
 414              		.file 6 "Drivers/STM32F0xx_HAL_Driver/Inc/stm32f0xx_hal_def.h"
 415              		.file 7 "Drivers/STM32F0xx_HAL_Driver/Inc/stm32f0xx_hal_rcc.h"
 416              		.file 8 "Drivers/STM32F0xx_HAL_Driver/Inc/stm32f0xx_hal_rcc_ex.h"
 417              		.file 9 "Drivers/STM32F0xx_HAL_Driver/Inc/stm32f0xx_hal_gpio.h"
 418              		.file 10 "Drivers/STM32F0xx_HAL_Driver/Inc/stm32f0xx_hal_dma.h"
 419              		.file 11 "Drivers/STM32F0xx_HAL_Driver/Inc/stm32f0xx_hal_uart.h"
 420              		.file 12 "Drivers/STM32F0xx_HAL_Driver/Inc/stm32f0xx_hal.h"
 421              		.file 13 "<built-in>"
ARM GAS  C:\Users\linus\AppData\Local\Temp\cc1OzFWS.s 			page 14


DEFINED SYMBOLS
                            *ABS*:00000000 main.c
C:\Users\linus\AppData\Local\Temp\cc1OzFWS.s:16     .text.MX_GPIO_Init:00000000 $t
C:\Users\linus\AppData\Local\Temp\cc1OzFWS.s:23     .text.MX_GPIO_Init:00000000 MX_GPIO_Init
C:\Users\linus\AppData\Local\Temp\cc1OzFWS.s:150    .text.MX_GPIO_Init:00000084 $d
C:\Users\linus\AppData\Local\Temp\cc1OzFWS.s:157    .text.MX_USART2_UART_Init:00000000 $t
C:\Users\linus\AppData\Local\Temp\cc1OzFWS.s:163    .text.MX_USART2_UART_Init:00000000 MX_USART2_UART_Init
C:\Users\linus\AppData\Local\Temp\cc1OzFWS.s:220    .text.MX_USART2_UART_Init:00000028 $d
                            *COM*:00000080 huart2
C:\Users\linus\AppData\Local\Temp\cc1OzFWS.s:226    .text.SystemClock_Config:00000000 $t
C:\Users\linus\AppData\Local\Temp\cc1OzFWS.s:233    .text.SystemClock_Config:00000000 SystemClock_Config
C:\Users\linus\AppData\Local\Temp\cc1OzFWS.s:338    .text.main:00000000 $t
C:\Users\linus\AppData\Local\Temp\cc1OzFWS.s:345    .text.main:00000000 main
C:\Users\linus\AppData\Local\Temp\cc1OzFWS.s:387    .text.Error_Handler:00000000 $t
C:\Users\linus\AppData\Local\Temp\cc1OzFWS.s:394    .text.Error_Handler:00000000 Error_Handler

UNDEFINED SYMBOLS
memset
HAL_GPIO_WritePin
HAL_GPIO_Init
HAL_UART_Init
HAL_RCC_OscConfig
HAL_RCC_ClockConfig
HAL_RCCEx_PeriphCLKConfig
HAL_Init
HAL_GPIO_TogglePin
HAL_Delay
